<?xml version="1.0" encoding="UTF-8"?>
<testsuite xmlns:xsi="http://www.w3.org/2001/XMLSchema-instance" xsi:noNamespaceSchemaLocation="https://maven.apache.org/surefire/maven-surefire-plugin/xsd/surefire-test-report.xsd" name="End_to_end_tests.WorkoutTests.WorkoutTest" time="33.772" tests="2" errors="1" skipped="0" failures="1">
  <properties>
[...]
</properties>
  <testcase name="startFinishWorkout" classname="End_to_end_tests.WorkoutTests.WorkoutTest" time="20.911">
    <error message="Expected condition failed: waiting for element to be clickable: Proxy element for: DefaultElementLocator &apos;By.xpath: //*[text()=&apos;complete workout&apos;]&apos; (tried for 10 second(s) with 500 milliseconds interval)" type="org.openqa.selenium.TimeoutException">org.openqa.selenium.TimeoutException: Expected condition failed: waiting for element to be clickable: Proxy element for: DefaultElementLocator 'By.xpath: //*[text()='complete workout']' (tried for 10 second(s) with 500 milliseconds interval)
	at End_to_end_tests.WorkoutTests.WorkoutTest.startFinishWorkout(WorkoutTest.java:29)
Caused by: org.openqa.selenium.NoSuchElementException: 
no such element: Unable to locate element: {"method":"xpath","selector":"//*[text()='complete workout']"}
  (Session info: chrome=95.0.4638.69)
For documentation on this error, please visit: https://www.seleniumhq.org/exceptions/no_such_element.html
Build info: version: '3.141.59', revision: 'e82be7d358', time: '2018-11-14T08:17:03'
System info: host: 'DESKTOP-IADBC0G', ip: '192.168.0.23', os.name: 'Windows 10', os.arch: 'amd64', os.version: '10.0', java.version: '11.0.11'
Driver info: org.openqa.selenium.chrome.ChromeDriver
Capabilities {acceptInsecureCerts: false, browserName: chrome, browserVersion: 95.0.4638.69, chrome: {chromedriverVersion: 94.0.4606.61 (418b78f5838ed..., userDataDir: C:\Users\tibor\AppData\Loca...}, goog:chromeOptions: {debuggerAddress: localhost:52744}, javascriptEnabled: true, networkConnectionEnabled: false, pageLoadStrategy: normal, platform: WINDOWS, platformName: WINDOWS, proxy: Proxy(), setWindowRect: true, strictFileInteractability: false, timeouts: {implicit: 0, pageLoad: 300000, script: 30000}, unhandledPromptBehavior: dismiss and notify, webauthn:extension:credBlob: true, webauthn:extension:largeBlob: true, webauthn:virtualAuthenticators: true}
Session ID: 258c2a83e21808244d289c30a3471bc2
*** Element info: {Using=xpath, value=//*[text()='complete workout']}
	at End_to_end_tests.WorkoutTests.WorkoutTest.startFinishWorkout(WorkoutTest.java:29)
</error>
    <system-err><![CDATA[Starting ChromeDriver 94.0.4606.61 (418b78f5838ed0b1c69bb4e51ea0252171854915-refs/branch-heads/4606@{#1204}) on port 37683
Only local connections are allowed.
Please see https://chromedriver.chromium.org/security-considerations for suggestions on keeping ChromeDriver safe.
ChromeDriver was started successfully.
[1637074156.407][WARNING]: This version of ChromeDriver has not been tested with Chrome version 95.
nov. 16, 2021 3:49:16 DU. org.openqa.selenium.remote.ProtocolHandshake createSession
INFO: Detected dialect: W3C
]]></system-err>
  </testcase>
  <testcase name="changeWorkout" classname="End_to_end_tests.WorkoutTests.WorkoutTest" time="12.859">
    <failure message="expected:&lt;MMA: [PACK A PUNCH]&gt; but was:&lt;MMA: [STRIKE WHILE IT&apos;S HOT]&gt;" type="org.junit.ComparisonFailure"><![CDATA[org.junit.ComparisonFailure: expected:<MMA: [PACK A PUNCH]> but was:<MMA: [STRIKE WHILE IT'S HOT]>
	at End_to_end_tests.WorkoutTests.WorkoutTest.changeWorkout(WorkoutTest.java:41)
]]></failure>
    <system-err><![CDATA[Starting ChromeDriver 94.0.4606.61 (418b78f5838ed0b1c69bb4e51ea0252171854915-refs/branch-heads/4606@{#1204}) on port 22440
Only local connections are allowed.
Please see https://chromedriver.chromium.org/security-considerations for suggestions on keeping ChromeDriver safe.
ChromeDriver was started successfully.
[1637074177.318][WARNING]: This version of ChromeDriver has not been tested with Chrome version 95.
nov. 16, 2021 3:49:37 DU. org.openqa.selenium.remote.ProtocolHandshake createSession
INFO: Detected dialect: W3C
]]></system-err>
  </testcase>
</testsuite>